Opening in existing browser session.

** (xviewer:3102): CRITICAL **: 12:34:14.359: xviewer_image_get_file: assertion 'XVIEWER_IS_IMAGE (img)' failed

(xviewer:3102): GLib-GIO-CRITICAL **: 12:34:14.359: g_file_equal: assertion 'G_IS_FILE (file1)' failed
INFO: Created TensorFlow Lite XNNPACK delegate for CPU.
[2565:2570:1101/124212.042025:ERROR:ssl_client_socket_impl.cc(975)] handshake failed; returned -1, SSL error code 1, net_error -100
[2565:2570:1101/124212.278936:ERROR:ssl_client_socket_impl.cc(975)] handshake failed; returned -1, SSL error code 1, net_error -100
[2565:2570:1101/124212.760157:ERROR:ssl_client_socket_impl.cc(975)] handshake failed; returned -1, SSL error code 1, net_error -100
[2565:2570:1101/124212.945254:ERROR:ssl_client_socket_impl.cc(975)] handshake failed; returned -1, SSL error code 1, net_error -100
Opening in existing browser session.
[2519:2559:1101/125449.363664:ERROR:zygote_communication_linux.cc(218)] Failed to send Reap message to zygote
[2519:2547:1101/125449.366785:ERROR:connection_factory_impl.cc(471)] ConnectionHandler failed with net error: -2
[2519:2519:1101/125449.377835:ERROR:zygote_communication_linux.cc(290)] Failed to send GetTerminationStatus message to zygote
[2519:2519:1101/125449.382854:ERROR:zygote_communication_linux.cc(290)] Failed to send GetTerminationStatus message to zygote
[4239:4244:1102/131754.843115:ERROR:ssl_client_socket_impl.cc(975)] handshake failed; returned -1, SSL error code 1, net_error -101
[4192:4222:1102/131952.939117:ERROR:connection_factory_impl.cc(428)] Failed to connect to MCS endpoint with error -106
[4239:4244:1102/132528.726702:ERROR:ssl_client_socket_impl.cc(975)] handshake failed; returned -1, SSL error code 1, net_error -100
Fontconfig error: Cannot load default config file: No such file: (null)
[4239:4244:1102/134033.060584:ERROR:ssl_client_socket_impl.cc(975)] handshake failed; returned -1, SSL error code 1, net_error -101
Fontconfig error: Cannot load default config file: No such file: (null)
Fontconfig error: Cannot load default config file: No such file: (null)
Fontconfig error: Cannot load default config file: No such file: (null)
[4239:4244:1102/135518.104355:ERROR:ssl_client_socket_impl.cc(975)] handshake failed; returned -1, SSL error code 1, net_error -101
Fontconfig error: Cannot load default config file: No such file: (null)
Fontconfig error: Cannot load default config file: No such file: (null)
[4192:4222:1102/140928.821367:ERROR:connection_factory_impl.cc(428)] Failed to connect to MCS endpoint with error -106
[4192:4222:1102/140949.274931:ERROR:connection_factory_impl.cc(428)] Failed to connect to MCS endpoint with error -106
[4192:4222:1102/141044.928123:ERROR:connection_factory_impl.cc(428)] Failed to connect to MCS endpoint with error -106
Fontconfig error: Cannot load default config file: No such file: (null)
[4192:4222:1102/141138.661419:ERROR:connection_factory_impl.cc(428)] Failed to connect to MCS endpoint with error -106
[4239:4244:1102/141150.761358:ERROR:ssl_client_socket_impl.cc(975)] handshake failed; returned -1, SSL error code 1, net_error -101
[4239:4244:1102/141257.217122:ERROR:ssl_client_socket_impl.cc(975)] handshake failed; returned -1, SSL error code 1, net_error -100
[4192:4192:1102/141739.064732:ERROR:zygote_communication_linux.cc(290)] Failed to send GetTerminationStatus message to zygote
[4192:4222:1102/141739.073549:ERROR:connection_factory_impl.cc(471)] ConnectionHandler failed with net error: -2
[4192:4192:1102/141739.085142:ERROR:zygote_communication_linux.cc(290)] Failed to send GetTerminationStatus message to zygote
[4192:4192:1102/141739.087409:ERROR:zygote_communication_linux.cc(290)] Failed to send GetTerminationStatus message to zygote
[4192:4192:1102/141739.088915:ERROR:zygote_communication_linux.cc(290)] Failed to send GetTerminationStatus message to zygote
[4192:4192:1102/141739.102144:ERROR:zygote_communication_linux.cc(290)] Failed to send GetTerminationStatus message to zygote
[4192:4192:1102/141739.104050:ERROR:zygote_communication_linux.cc(290)] Failed to send GetTerminationStatus message to zygote
Fontconfig error: Cannot load default config file: No such file: (null)
[2673:2673:1102/203552.715923:ERROR:interface_endpoint_client.cc(702)] Message 6 rejected by interface blink.mojom.WidgetHost
[2673:2673:1102/203552.715976:ERROR:interface_endpoint_client.cc(702)] Message 7 rejected by interface blink.mojom.WidgetHost
[2673:2673:1102/203552.716493:ERROR:interface_endpoint_client.cc(702)] Message 3 rejected by interface blink.mojom.Widget
[2673:2673:1102/203552.716690:ERROR:interface_endpoint_client.cc(702)] Message 0 rejected by interface blink.mojom.WidgetHost
[2955:2961:1102/203936.278199:ERROR:ssl_client_socket_impl.cc(975)] handshake failed; returned -1, SSL error code 1, net_error -101
[2955:2961:1102/203942.209092:ERROR:ssl_client_socket_impl.cc(975)] handshake failed; returned -1, SSL error code 1, net_error -101
[2955:2961:1102/203943.753060:ERROR:ssl_client_socket_impl.cc(975)] handshake failed; returned -1, SSL error code 1, net_error -100
[2955:2961:1102/203950.154180:ERROR:ssl_client_socket_impl.cc(975)] handshake failed; returned -1, SSL error code 1, net_error -101
[2955:2961:1102/204001.444749:ERROR:ssl_client_socket_impl.cc(975)] handshake failed; returned -1, SSL error code 1, net_error -200
INFO: Created TensorFlow Lite XNNPACK delegate for CPU.
WARNING: Attempting to use a delegate that only supports static-sized tensors with a graph that has dynamic-sized tensors (tensor#56 is a dynamic-sized tensor).
[2955:2961:1102/204040.418943:ERROR:ssl_client_socket_impl.cc(975)] handshake failed; returned -1, SSL error code 1, net_error -101
[2955:2961:1102/204053.857666:ERROR:ssl_client_socket_impl.cc(975)] handshake failed; returned -1, SSL error code 1, net_error -101
[2955:2961:1102/204101.745250:ERROR:ssl_client_socket_impl.cc(975)] handshake failed; returned -1, SSL error code 1, net_error -101
[2955:2961:1102/205114.153322:ERROR:ssl_client_socket_impl.cc(975)] handshake failed; returned -1, SSL error code 1, net_error -200
[2955:2961:1102/205114.802756:ERROR:ssl_client_socket_impl.cc(975)] handshake failed; returned -1, SSL error code 1, net_error -101
[2955:2961:1102/205115.020629:ERROR:ssl_client_socket_impl.cc(975)] handshake failed; returned -1, SSL error code 1, net_error -101
WARNING: Attempting to use a delegate that only supports static-sized tensors with a graph that has dynamic-sized tensors (tensor#56 is a dynamic-sized tensor).
[2955:2961:1102/205456.674179:ERROR:socket_manager.cc(141)] Failed to resolve address for stun2.spamanalyst.com., errorcode: -105
[2955:2961:1102/205503.227560:ERROR:socket_manager.cc(141)] Failed to resolve address for stun2.spamanalyst.com., errorcode: -105
[2910:2910:1102/213519.090812:ERROR:zygote_communication_linux.cc(290)] Failed to send GetTerminationStatus message to zygote
[2910:2910:1102/213519.093065:ERROR:zygote_communication_linux.cc(290)] Failed to send GetTerminationStatus message to zygote
[2910:2939:1102/213519.100256:ERROR:connection_factory_impl.cc(471)] ConnectionHandler failed with net error: -2
[2910:2910:1102/213519.112556:ERROR:network_service_instance_impl.cc(615)] Network service crashed, restarting service.
[2910:2910:1102/213519.135993:ERROR:zygote_communication_linux.cc(290)] Failed to send GetTerminationStatus message to zygote
[2910:2910:1102/213519.144421:ERROR:zygote_communication_linux.cc(290)] Failed to send GetTerminationStatus message to zygote
[2910:2910:1102/213519.149480:ERROR:zygote_communication_linux.cc(290)] Failed to send GetTerminationStatus message to zygote
[2910:2910:1102/213519.162172:ERROR:zygote_communication_linux.cc(290)] Failed to send GetTerminationStatus message to zygote
[2910:2910:1102/213519.164307:ERROR:zygote_communication_linux.cc(290)] Failed to send GetTerminationStatus message to zygote
[2910:2910:1102/213519.166215:ERROR:zygote_communication_linux.cc(290)] Failed to send GetTerminationStatus message to zygote
[2910:2910:1102/213519.171509:ERROR:zygote_communication_linux.cc(290)] Failed to send GetTerminationStatus message to zygote
[2910:2910:1102/213519.183761:ERROR:zygote_communication_linux.cc(290)] Failed to send GetTerminationStatus message to zygote
[2910:2910:1102/213519.205802:ERROR:zygote_communication_linux.cc(290)] Failed to send GetTerminationStatus message to zygote
[2910:2910:1102/213519.209342:ERROR:gpu_process_host.cc(984)] GPU process launch failed: error_code=1002
[2910:2910:1102/213519.223477:ERROR:gpu_process_host.cc(984)] GPU process launch failed: error_code=1002
[2910:2910:1102/213519.233681:ERROR:gpu_process_host.cc(984)] GPU process launch failed: error_code=1002
[2910:2910:1102/213519.234538:ERROR:object_proxy.cc(577)] Failed to call method: org.freedesktop.ScreenSaver.GetActive: object_path= /org/freedesktop/ScreenSaver: org.freedesktop.DBus.Error.NotSupported: This method is not implemented
[2910:2910:1102/213519.235333:ERROR:gpu_process_host.cc(984)] GPU process launch failed: error_code=1002
[2910:2910:1102/213519.236546:ERROR:gpu_process_host.cc(984)] GPU process launch failed: error_code=1002
[2910:2910:1102/213519.237412:ERROR:gpu_process_host.cc(984)] GPU process launch failed: error_code=1002
[2910:2910:1102/213519.238485:ERROR:gpu_process_host.cc(984)] GPU process launch failed: error_code=1002
[2910:2910:1102/213519.239175:ERROR:gpu_process_host.cc(984)] GPU process launch failed: error_code=1002
[2910:2910:1102/213519.239944:ERROR:gpu_process_host.cc(984)] GPU process launch failed: error_code=1002
[2910:2910:1102/213519.239958:FATAL:gpu_data_manager_impl_private.cc(448)] GPU process isn't usable. Goodbye.
[1102/213519.252227:ERROR:elf_dynamic_array_reader.h(64)] tag not found
[1102/213519.252895:ERROR:elf_dynamic_array_reader.h(64)] tag not found
[1102/213519.280208:ERROR:directory_reader_posix.cc(42)] opendir /home/hasrichard/.config/google-chrome/Crash Reports/attachments/dfcba521-6b1f-4570-8e6c-75d4ca80b34c: No such file or directory (2)
[9963:9963:1102/213543.051392:ERROR:interface_endpoint_client.cc(702)] Message 0 rejected by interface blink.mojom.WidgetHost
[9963:9963:1102/213656.726086:ERROR:zygote_communication_linux.cc(290)] Failed to send GetTerminationStatus message to zygote
[9963:9992:1102/213656.727105:ERROR:connection_factory_impl.cc(471)] ConnectionHandler failed with net error: -2
[9963:9963:1102/213656.727871:ERROR:zygote_communication_linux.cc(290)] Failed to send GetTerminationStatus message to zygote
[9963:9963:1102/213656.729377:ERROR:zygote_communication_linux.cc(290)] Failed to send GetTerminationStatus message to zygote
[9963:9963:1102/213656.734450:ERROR:zygote_communication_linux.cc(290)] Failed to send GetTerminationStatus message to zygote
[9963:9963:1102/213656.743033:ERROR:network_service_instance_impl.cc(615)] Network service crashed, restarting service.
[9963:9963:1102/213656.757262:ERROR:zygote_communication_linux.cc(290)] Failed to send GetTerminationStatus message to zygote
[9963:9963:1102/213656.758956:ERROR:zygote_communication_linux.cc(290)] Failed to send GetTerminationStatus message to zygote
[9963:9963:1102/213656.761427:ERROR:zygote_communication_linux.cc(290)] Failed to send GetTerminationStatus message to zygote
[9963:9963:1102/213656.764681:ERROR:zygote_communication_linux.cc(290)] Failed to send GetTerminationStatus message to zygote
[9963:9963:1102/213656.770504:ERROR:zygote_communication_linux.cc(290)] Failed to send GetTerminationStatus message to zygote
[9963:9963:1102/213656.771709:ERROR:zygote_communication_linux.cc(290)] Failed to send GetTerminationStatus message to zygote
[9963:9963:1102/213656.784888:ERROR:zygote_communication_linux.cc(290)] Failed to send GetTerminationStatus message to zygote
[9963:9963:1102/213656.790852:ERROR:zygote_communication_linux.cc(290)] Failed to send GetTerminationStatus message to zygote
[9963:9963:1102/213656.796328:ERROR:gpu_process_host.cc(984)] GPU process launch failed: error_code=1002
[9963:9963:1102/213656.808809:ERROR:gpu_process_host.cc(984)] GPU process launch failed: error_code=1002
[9963:9963:1102/213656.819409:ERROR:gpu_process_host.cc(984)] GPU process launch failed: error_code=1002
[9963:9963:1102/213656.820656:ERROR:object_proxy.cc(577)] Failed to call method: org.freedesktop.ScreenSaver.GetActive: object_path= /org/freedesktop/ScreenSaver: org.freedesktop.DBus.Error.NotSupported: This method is not implemented
[9963:9963:1102/213656.821342:ERROR:gpu_process_host.cc(984)] GPU process launch failed: error_code=1002
[9963:9963:1102/213656.822805:ERROR:gpu_process_host.cc(984)] GPU process launch failed: error_code=1002
[9963:9963:1102/213656.823954:ERROR:gpu_process_host.cc(984)] GPU process launch failed: error_code=1002
[9963:9963:1102/213656.825221:ERROR:gpu_process_host.cc(984)] GPU process launch failed: error_code=1002
[9963:9963:1102/213656.826264:ERROR:gpu_process_host.cc(984)] GPU process launch failed: error_code=1002
[9963:9963:1102/213656.827268:ERROR:gpu_process_host.cc(984)] GPU process launch failed: error_code=1002
[9963:9963:1102/213656.827282:FATAL:gpu_data_manager_impl_private.cc(448)] GPU process isn't usable. Goodbye.
[1102/213656.836647:ERROR:elf_dynamic_array_reader.h(64)] tag not found
[1102/213656.837186:ERROR:elf_dynamic_array_reader.h(64)] tag not found
[10617:10617:1102/220004.067307:ERROR:shared_image_manager.cc(220)] SharedImageManager::ProduceSkia: Trying to Produce a Skia representation from a non-existent mailbox.
[10617:10617:1102/220004.068188:ERROR:shared_image_manager.cc(220)] SharedImageManager::ProduceSkia: Trying to Produce a Skia representation from a non-existent mailbox.
[10617:10617:1102/220004.068344:ERROR:shared_image_manager.cc(220)] SharedImageManager::ProduceSkia: Trying to Produce a Skia representation from a non-existent mailbox.
[10617:10617:1102/220004.068502:ERROR:shared_image_manager.cc(220)] SharedImageManager::ProduceSkia: Trying to Produce a Skia representation from a non-existent mailbox.
[10617:10617:1102/220108.905956:ERROR:shared_image_manager.cc(220)] SharedImageManager::ProduceSkia: Trying to Produce a Skia representation from a non-existent mailbox.
[10617:10617:1102/220108.906280:ERROR:shared_image_manager.cc(220)] SharedImageManager::ProduceSkia: Trying to Produce a Skia representation from a non-existent mailbox.
[10617:10617:1102/220108.906504:ERROR:shared_image_manager.cc(220)] SharedImageManager::ProduceSkia: Trying to Produce a Skia representation from a non-existent mailbox.
[10617:10617:1102/220108.906761:ERROR:shared_image_manager.cc(220)] SharedImageManager::ProduceSkia: Trying to Produce a Skia representation from a non-existent mailbox.
[10573:10573:1102/223637.021890:ERROR:interface_endpoint_client.cc(702)] Message 1 rejected by interface blink.mojom.WidgetHost
[10573:10573:1102/223702.887925:ERROR:zygote_communication_linux.cc(290)] Failed to send GetTerminationStatus message to zygote
[10573:10573:1102/223702.898853:ERROR:zygote_communication_linux.cc(290)] Failed to send GetTerminationStatus message to zygote
[10573:10573:1102/223702.915166:ERROR:zygote_communication_linux.cc(290)] Failed to send GetTerminationStatus message to zygote
[10573:10573:1102/223702.917463:ERROR:zygote_communication_linux.cc(290)] Failed to send GetTerminationStatus message to zygote
[10573:10573:1102/223702.919602:ERROR:zygote_communication_linux.cc(290)] Failed to send GetTerminationStatus message to zygote
[10573:10602:1102/223702.927258:ERROR:connection_factory_impl.cc(471)] ConnectionHandler failed with net error: -2
[10573:10573:1102/223702.933968:ERROR:zygote_communication_linux.cc(290)] Failed to send GetTerminationStatus message to zygote
[10573:10573:1102/223702.936939:ERROR:zygote_communication_linux.cc(290)] Failed to send GetTerminationStatus message to zygote
[10573:10573:1102/223702.940576:ERROR:zygote_communication_linux.cc(290)] Failed to send GetTerminationStatus message to zygote
[10573:10573:1102/223702.943767:ERROR:zygote_communication_linux.cc(290)] Failed to send GetTerminationStatus message to zygote
[10573:10573:1102/223702.946113:ERROR:zygote_communication_linux.cc(290)] Failed to send GetTerminationStatus message to zygote
[10573:10573:1102/223702.949461:ERROR:zygote_communication_linux.cc(290)] Failed to send GetTerminationStatus message to zygote
[10573:10573:1102/223702.956187:ERROR:zygote_communication_linux.cc(290)] Failed to send GetTerminationStatus message to zygote
[10573:10573:1102/223702.970489:ERROR:zygote_communication_linux.cc(290)] Failed to send GetTerminationStatus message to zygote
[10573:10573:1102/223702.972356:ERROR:zygote_communication_linux.cc(290)] Failed to send GetTerminationStatus message to zygote
[10573:10573:1102/223702.982855:ERROR:zygote_communication_linux.cc(290)] Failed to send GetTerminationStatus message to zygote
[10573:10573:1102/223702.986046:ERROR:zygote_communication_linux.cc(290)] Failed to send GetTerminationStatus message to zygote
[10573:10573:1102/223702.990837:ERROR:zygote_communication_linux.cc(290)] Failed to send GetTerminationStatus message to zygote
[10573:10573:1102/223702.994619:ERROR:zygote_communication_linux.cc(290)] Failed to send GetTerminationStatus message to zygote
[10573:10573:1102/223703.000163:ERROR:network_service_instance_impl.cc(615)] Network service crashed, restarting service.
[10573:10573:1102/223703.012794:ERROR:zygote_communication_linux.cc(290)] Failed to send GetTerminationStatus message to zygote
[10573:10573:1102/223703.039112:ERROR:gpu_process_host.cc(984)] GPU process launch failed: error_code=1002
[10573:10573:1102/223703.058079:ERROR:gpu_process_host.cc(984)] GPU process launch failed: error_code=1002
[10573:10573:1102/223703.058763:ERROR:object_proxy.cc(577)] Failed to call method: org.freedesktop.ScreenSaver.GetActive: object_path= /org/freedesktop/ScreenSaver: org.freedesktop.DBus.Error.NotSupported: This method is not implemented
[10573:10573:1102/223703.060882:ERROR:gpu_process_host.cc(984)] GPU process launch failed: error_code=1002
[10573:10573:1102/223703.062237:ERROR:gpu_process_host.cc(984)] GPU process launch failed: error_code=1002
[10573:10573:1102/223703.063156:ERROR:gpu_process_host.cc(984)] GPU process launch failed: error_code=1002
[10573:10573:1102/223703.064106:ERROR:gpu_process_host.cc(984)] GPU process launch failed: error_code=1002
[10573:10573:1102/223703.065184:ERROR:gpu_process_host.cc(984)] GPU process launch failed: error_code=1002
[10573:10573:1102/223703.065894:ERROR:gpu_process_host.cc(984)] GPU process launch failed: error_code=1002
[10573:10573:1102/223703.066577:ERROR:gpu_process_host.cc(984)] GPU process launch failed: error_code=1002
[10573:10573:1102/223703.066587:FATAL:gpu_data_manager_impl_private.cc(448)] GPU process isn't usable. Goodbye.
[1102/223703.078914:ERROR:elf_dynamic_array_reader.h(64)] tag not found
[1102/223703.079574:ERROR:elf_dynamic_array_reader.h(64)] tag not found
[1102/223703.115158:ERROR:directory_reader_posix.cc(42)] opendir /home/hasrichard/.config/google-chrome/Crash Reports/attachments/59584cb4-1d66-4941-8ba2-96f31d30b041: No such file or directory (2)
Opening in existing browser session.
Opening in existing browser session.
[5919:5919:0100/000000.198678:ERROR:zygote_linux.cc(662)] write: Broken pipe (32)
Fontconfig error: Cannot load default config file: No such file: (null)
[2622:2622:1116/150528.784389:ERROR:interface_endpoint_client.cc(702)] Message 0 rejected by interface blink.mojom.WidgetHost
[2622:2658:1116/150532.093564:ERROR:connection_factory_impl.cc(428)] Failed to connect to MCS endpoint with error -106
[2622:2658:1116/150533.593570:ERROR:connection_factory_impl.cc(428)] Failed to connect to MCS endpoint with error -106
Fontconfig error: Cannot load default config file: No such file: (null)
[2622:2658:1116/150750.558185:ERROR:connection_factory_impl.cc(428)] Failed to connect to MCS endpoint with error -109
[2622:2658:1116/151455.686960:ERROR:connection_factory_impl.cc(471)] ConnectionHandler failed with net error: -2
[2622:2622:1116/151455.703785:ERROR:zygote_communication_linux.cc(290)] Failed to send GetTerminationStatus message to zygote
[2622:2622:1116/151455.704517:ERROR:zygote_communication_linux.cc(290)] Failed to send GetTerminationStatus message to zygote
[2622:2622:1116/151455.705279:ERROR:zygote_communication_linux.cc(290)] Failed to send GetTerminationStatus message to zygote
[2622:2622:1116/151455.706921:ERROR:zygote_communication_linux.cc(290)] Failed to send GetTerminationStatus message to zygote
[2622:2622:1116/151455.708301:ERROR:zygote_communication_linux.cc(290)] Failed to send GetTerminationStatus message to zygote
[2622:2622:1116/151455.728879:ERROR:zygote_communication_linux.cc(290)] Failed to send GetTerminationStatus message to zygote
[2622:2622:1116/151455.732048:ERROR:zygote_communication_linux.cc(290)] Failed to send GetTerminationStatus message to zygote
[2622:2622:1116/151455.732539:ERROR:zygote_communication_linux.cc(290)] Failed to send GetTerminationStatus message to zygote
